{
  "stats": {
    "suites": 1,
    "tests": 9,
    "passes": 9,
    "pending": 0,
    "failures": 0,
    "start": "2021-12-21T08:46:25.160Z",
    "end": "2021-12-21T08:47:46.890Z",
    "duration": 69092,
    "testsRegistered": 9,
    "passPercent": 100,
    "pendingPercent": 0,
    "other": 0,
    "hasOther": false,
    "skipped": 0,
    "hasSkipped": false
  },
  "results": [
    {
      "uuid": "283226df-e47f-4f19-b825-52e71e868541",
      "title": "",
      "fullFile": "cypress/integration/subject-creation-and-update.spec.js",
      "file": "cypress/integration/subject-creation-and-update.spec.js",
      "beforeHooks": [],
      "afterHooks": [],
      "tests": [],
      "suites": [
        {
          "uuid": "57b5a9db-35b1-4937-b75b-4ad027181071",
          "title": "User Authentication",
          "fullFile": "",
          "file": "",
          "beforeHooks": [],
          "afterHooks": [],
          "tests": [],
          "suites": [
            {
              "uuid": "754feb7d-07e0-4c4f-b773-4dc47947d164",
              "title": "Visit teachers url",
              "fullFile": "",
              "file": "",
              "beforeHooks": [],
              "afterHooks": [],
              "tests": [
                {
                  "title": "url should load successfully",
                  "fullTitle": "User Authentication Visit teachers url url should load successfully",
                  "timedOut": null,
                  "duration": 15164,
                  "state": "passed",
                  "speed": "slow",
                  "pass": true,
                  "fail": false,
                  "pending": false,
                  "context": null,
                  "code": "cy.visit(\"https://teacher.snappet.org\");",
                  "err": {},
                  "uuid": "057da18d-99a3-424a-a52b-c0761dc163ec",
                  "parentUUID": "754feb7d-07e0-4c4f-b773-4dc47947d164",
                  "isHook": false,
                  "skipped": false
                }
              ],
              "suites": [],
              "passes": [
                "057da18d-99a3-424a-a52b-c0761dc163ec"
              ],
              "failures": [],
              "pending": [],
              "skipped": [],
              "duration": 15164,
              "root": false,
              "rootEmpty": false,
              "_timeout": 2000
            },
            {
              "uuid": "a5100d38-f220-4956-b4b8-eca8f0bcc717",
              "title": "Login",
              "fullFile": "",
              "file": "",
              "beforeHooks": [],
              "afterHooks": [],
              "tests": [
                {
                  "title": "user should be able to login in successfully by entering username and password",
                  "fullTitle": "User Authentication Login user should be able to login in successfully by entering username and password",
                  "timedOut": null,
                  "duration": 14090,
                  "state": "passed",
                  "speed": "slow",
                  "pass": true,
                  "fail": false,
                  "pending": false,
                  "context": null,
                  "code": "cy.get(\"input#Input_Username.form-control\").type(\"TechChallengeTeacher\").should(\"have.value\", \"TechChallengeTeacher\");\ncy.get(\"input#password-input.form-control\").type(\"P@ssw0rd\").should(\"have.value\", \"P@ssw0rd\");\ncy.get(\".btn\").click();",
                  "err": {},
                  "uuid": "15c72c9e-0c15-4523-a4ab-d91f828dd74a",
                  "parentUUID": "a5100d38-f220-4956-b4b8-eca8f0bcc717",
                  "isHook": false,
                  "skipped": false
                }
              ],
              "suites": [],
              "passes": [
                "15c72c9e-0c15-4523-a4ab-d91f828dd74a"
              ],
              "failures": [],
              "pending": [],
              "skipped": [],
              "duration": 14090,
              "root": false,
              "rootEmpty": false,
              "_timeout": 2000
            }
          ],
          "passes": [],
          "failures": [],
          "pending": [],
          "skipped": [],
          "duration": 0,
          "root": false,
          "rootEmpty": false,
          "_timeout": 2000
        },
        {
          "uuid": "3eb8c780-6d98-407a-8937-a0147bd4ece0",
          "title": "Activate subject",
          "fullFile": "",
          "file": "",
          "beforeHooks": [],
          "afterHooks": [],
          "tests": [
            {
              "title": "user should be able to click on the add subject button",
              "fullTitle": "Activate subject user should be able to click on the add subject button",
              "timedOut": null,
              "duration": 29332,
              "state": "passed",
              "speed": "slow",
              "pass": true,
              "fail": false,
              "pending": false,
              "context": null,
              "code": "cy.get(\".subject-option\").click();\ncy.get(\"add-subject-button\").click();",
              "err": {},
              "uuid": "b488a041-ae52-4390-a286-9ce33fef168c",
              "parentUUID": "3eb8c780-6d98-407a-8937-a0147bd4ece0",
              "isHook": false,
              "skipped": false
            },
            {
              "title": "user should be able to select the subject to activate and click next",
              "fullTitle": "Activate subject user should be able to select the subject to activate and click next",
              "timedOut": null,
              "duration": 5447,
              "state": "passed",
              "speed": "medium",
              "pass": true,
              "fail": false,
              "pending": false,
              "context": null,
              "code": "cy.get(\"dropdown.initialized\").click();\ncy.get(\"span.select2-container.select2-container--default.select2-container--open\").contains(\"Taal\").click();\ncy.get(\"a.btn.btn-primary\").contains(\"Next\").click();",
              "err": {},
              "uuid": "dbf12dce-9f95-4d65-b4aa-d356430ac93c",
              "parentUUID": "3eb8c780-6d98-407a-8937-a0147bd4ece0",
              "isHook": false,
              "skipped": false
            },
            {
              "title": "user should be able to select the group level and click next",
              "fullTitle": "Activate subject user should be able to select the group level and click next",
              "timedOut": null,
              "duration": 953,
              "state": "passed",
              "speed": "fast",
              "pass": true,
              "fail": false,
              "pending": false,
              "context": null,
              "code": "cy.get(\".inner-grade-slider-tick\").contains(5).click();\ncy.get(\"a.btn.btn-primary\").contains(\"Next\").click();",
              "err": {},
              "uuid": "b00dad17-5170-46c4-a503-1c2f1aafe880",
              "parentUUID": "3eb8c780-6d98-407a-8937-a0147bd4ece0",
              "isHook": false,
              "skipped": false
            },
            {
              "title": "user should be able to select from group suggestions",
              "fullTitle": "Activate subject user should be able to select from group suggestions",
              "timedOut": null,
              "duration": 1198,
              "state": "passed",
              "speed": "fast",
              "pass": true,
              "fail": false,
              "pending": false,
              "context": null,
              "code": "cy.get(\"div.card.default\").eq(3).click();",
              "err": {},
              "uuid": "2c1473f3-f9be-47e8-ae05-2aa0a6815a10",
              "parentUUID": "3eb8c780-6d98-407a-8937-a0147bd4ece0",
              "isHook": false,
              "skipped": false
            },
            {
              "title": "user should be able to click the activate subject button",
              "fullTitle": "Activate subject user should be able to click the activate subject button",
              "timedOut": null,
              "duration": 150,
              "state": "passed",
              "speed": "fast",
              "pass": true,
              "fail": false,
              "pending": false,
              "context": null,
              "code": "cy.get(\"div.button-bar.stretch\").contains(\"Activate subject\").click();",
              "err": {},
              "uuid": "7f32b2a3-4690-4c83-8353-9bd06b3b07f5",
              "parentUUID": "3eb8c780-6d98-407a-8937-a0147bd4ece0",
              "isHook": false,
              "skipped": false
            }
          ],
          "suites": [],
          "passes": [
            "b488a041-ae52-4390-a286-9ce33fef168c",
            "dbf12dce-9f95-4d65-b4aa-d356430ac93c",
            "b00dad17-5170-46c4-a503-1c2f1aafe880",
            "2c1473f3-f9be-47e8-ae05-2aa0a6815a10",
            "7f32b2a3-4690-4c83-8353-9bd06b3b07f5"
          ],
          "failures": [],
          "pending": [],
          "skipped": [],
          "duration": 37080,
          "root": false,
          "rootEmpty": false,
          "_timeout": 2000
        },
        {
          "uuid": "5c6c4f44-c01a-4727-9885-8d2210b3011f",
          "title": "Edit subject name and grade",
          "fullFile": "",
          "file": "",
          "beforeHooks": [],
          "afterHooks": [],
          "tests": [
            {
              "title": "user should be able to click the subject edit button",
              "fullTitle": "Edit subject name and grade user should be able to click the subject edit button",
              "timedOut": null,
              "duration": 1905,
              "state": "passed",
              "speed": "fast",
              "pass": true,
              "fail": false,
              "pending": false,
              "context": null,
              "code": "cy.get(\".subject-container\").find(\"subjectgroup-info-block\").last().then(subjectEditModal => {\n  cy.wrap(subjectEditModal).find(\".btn.btn-txt\").click();\n});",
              "err": {},
              "uuid": "9ceea8b9-2d63-47c5-8a03-555245070c37",
              "parentUUID": "5c6c4f44-c01a-4727-9885-8d2210b3011f",
              "isHook": false,
              "skipped": false
            },
            {
              "title": "user should be able to change subject name  and grade successfully",
              "fullTitle": "Edit subject name and grade user should be able to change subject name  and grade successfully",
              "timedOut": null,
              "duration": 853,
              "state": "passed",
              "speed": "fast",
              "pass": true,
              "fail": false,
              "pending": false,
              "context": null,
              "code": "cy.get(\".panel-card.secondary\").then(editForm => {\n  cy.wrap(editForm).find(\"input\").clear().type(\"Amstaal\");\n  cy.wrap(editForm).find(\".selection\").click();\n  cy.get(\".select2-dropdown.select2-dropdown--below\").contains(\"Groep 8\").click();\n  cy.wrap(editForm).find(\"button.btn.btn-primary\").contains(\"Save\").click();\n});",
              "err": {},
              "uuid": "90b02288-9cb9-4517-84cb-b1bf887687e8",
              "parentUUID": "5c6c4f44-c01a-4727-9885-8d2210b3011f",
              "isHook": false,
              "skipped": false
            }
          ],
          "suites": [],
          "passes": [
            "9ceea8b9-2d63-47c5-8a03-555245070c37",
            "90b02288-9cb9-4517-84cb-b1bf887687e8"
          ],
          "failures": [],
          "pending": [],
          "skipped": [],
          "duration": 2758,
          "root": false,
          "rootEmpty": false,
          "_timeout": 2000
        }
      ],
      "passes": [],
      "failures": [],
      "pending": [],
      "skipped": [],
      "duration": 0,
      "root": true,
      "rootEmpty": true,
      "_timeout": 2000
    }
  ],
  "meta": {
    "mocha": {
      "version": "7.0.1"
    },
    "mochawesome": {
      "options": {
        "quiet": false,
        "reportFilename": "mochawesome",
        "saveHtml": false,
        "saveJson": true,
        "consoleReporter": "spec",
        "useInlineDiffs": false,
        "code": true
      },
      "version": "7.0.1"
    },
    "marge": {
      "options": {
        "id": "default",
        "reportDir": "cypress/reports/mocha",
        "quite": true,
        "overwrite": false,
        "html": false,
        "json": true
      },
      "version": "6.0.1"
    }
  }
}